model_selector:DEBUG 2021-12-22 18:12:58,886 -  Starting Class
model_selector:DEBUG 2021-12-22 18:12:58,889 -  Current train.head()
   HasName      OutcomeType  IsCat  IsFemale  AgeuponOutcome  IsIntact
0        1  Return_to_owner      0         0            1.00         0
1        1       Euthanasia      1         1            1.00         0
2        1         Adoption      0         0            2.00         0
3        0         Transfer      1         0            0.10         1
4        0         Transfer      0         0            2.00         0
model_selector:DEBUG 2021-12-22 18:12:58,895 -  Current train.info()
<class 'pandas.core.frame.DataFrame'>
Int64Index: 26729 entries, 0 to 26728
Data columns (total 6 columns):
 #   Column          Non-Null Count  Dtype  
---  ------          --------------  -----  
 0   HasName         26729 non-null  int64  
 1   OutcomeType     26729 non-null  object 
 2   IsCat           26729 non-null  int64  
 3   IsFemale        26729 non-null  int64  
 4   AgeuponOutcome  26729 non-null  float64
 5   IsIntact        26729 non-null  int64  
dtypes: float64(1), int64(4), object(1)
memory usage: 1.4+ MB

model_selector:DEBUG 2021-12-22 18:12:58,909 -  Current train.describe()
         HasName OutcomeType     IsCat  IsFemale  AgeuponOutcome  IsIntact
count  26,729.00       26729 26,729.00 26,729.00       26,729.00 26,729.00
unique       NaN           5       NaN       NaN             NaN       NaN
top          NaN    Adoption       NaN       NaN             NaN       NaN
freq         NaN       10769       NaN       NaN             NaN       NaN
mean        0.71         NaN      0.42      0.42            2.18      0.22
std         0.45         NaN      0.49      0.57            2.96      0.50
min         0.00         NaN      0.00     -1.00            0.00     -1.00
25%         0.00         NaN      0.00      0.00            0.20      0.00
50%         1.00         NaN      0.00      0.00            1.00      0.00
75%         1.00         NaN      1.00      1.00            3.00      1.00
max         1.00         NaN      1.00      1.00           20.00      1.00
model_selector:DEBUG 2021-12-22 18:12:58,910 -  Current test.head()
   HasName  IsCat  IsFemale  AgeuponOutcome  IsIntact
0        1      0         1            0.80         1
1        1      0         1            2.00         0
2        1      1         0            1.00         0
3        1      0         0            0.30         1
4        1      0         0            2.00         0
model_selector:DEBUG 2021-12-22 18:12:58,914 -  Current test.info()
<class 'pandas.core.frame.DataFrame'>
Int64Index: 11456 entries, 0 to 11455
Data columns (total 5 columns):
 #   Column          Non-Null Count  Dtype  
---  ------          --------------  -----  
 0   HasName         11456 non-null  int64  
 1   IsCat           11456 non-null  int64  
 2   IsFemale        11456 non-null  int64  
 3   AgeuponOutcome  11456 non-null  float64
 4   IsIntact        11456 non-null  int64  
dtypes: float64(1), int64(4)
memory usage: 537.0 KB

model_selector:DEBUG 2021-12-22 18:12:58,923 -  Current test.describe()
        HasName     IsCat  IsFemale  AgeuponOutcome  IsIntact
count 11,456.00 11,456.00 11,456.00       11,456.00 11,456.00
mean       0.72      0.42      0.42            2.13      0.22
std        0.45      0.49      0.57            2.94      0.50
min        0.00      0.00     -1.00            0.00     -1.00
25%        0.00      0.00      0.00            0.20      0.00
50%        1.00      0.00      0.00            1.00      0.00
75%        1.00      1.00      1.00            3.00      1.00
max        1.00      1.00      1.00           22.00      1.00
model_selector:DEBUG 2021-12-22 18:12:58,923 -  Creating X and y dataframes
model_selector:DEBUG 2021-12-22 18:12:58,924 -  Creating train test split
model_selector:DEBUG 2021-12-22 18:13:02,996 -  KNeighborsClassifier()'s best score: -1.6538251987610528
model_selector:DEBUG 2021-12-22 18:13:02,996 -  KNeighborsClassifier()'s best parameters: OrderedDict([('leaf_size', 48), ('n_neighbors', 18), ('weights', 'uniform')])
model_selector:DEBUG 2021-12-22 18:13:03,149 -  Kneighbor's result: 1.5755934991770086
model_selector:DEBUG 2021-12-22 18:13:04,215 -  DecisionTreeClassifier(random_state=42)'s best score: -0.8786636262423441
model_selector:DEBUG 2021-12-22 18:13:04,215 -  DecisionTreeClassifier(random_state=42)'s best parameters: OrderedDict([('criterion', 'entropy'), ('max_depth', 117), ('max_leaf_nodes', 32), ('min_samples_split', 8), ('splitter', 'best')])
model_selector:DEBUG 2021-12-22 18:13:04,238 -  Decision Tree's result: 1.097150037822769
model_selector:DEBUG 2021-12-22 18:15:25,431 -  RandomForestClassifier(random_state=42)'s best score: -0.8865756781123197
model_selector:DEBUG 2021-12-22 18:15:25,431 -  RandomForestClassifier(random_state=42)'s best parameters: OrderedDict([('criterion', 'gini'), ('max_leaf_nodes', 300), ('min_samples_split', 7), ('n_estimators', 443)])
model_selector:DEBUG 2021-12-22 18:15:26,678 -  Random Forest's result: 0.8632633267618589
model_selector:DEBUG 2021-12-22 18:17:37,130 -  AdaBoostClassifier(random_state=42)'s best score: -1.1093019094593881
model_selector:DEBUG 2021-12-22 18:17:37,130 -  AdaBoostClassifier(random_state=42)'s best parameters: OrderedDict([('learning_rate', 0.02030265589859772), ('n_estimators', 54)])
model_selector:DEBUG 2021-12-22 18:17:51,685 -  AdaBoost's result: 1.3654060077388854
model_selector:DEBUG 2021-12-22 18:18:27,248 -  XGBClassifier(base_score=None, booster=None, colsample_bylevel=None,
              colsample_bynode=None, colsample_bytree=None,
              eval_metric='mlogloss', gamma=None, gpu_id=None,
              importance_type='gain', interaction_constraints=None,
              learning_rate=None, max_delta_step=None, max_depth=None,
              min_child_weight=None, missing=nan, monotone_constraints=None,
              n_estimators=100, n_jobs=None, num_parallel_tree=None,
              random_state=42, reg_alpha=None, reg_lambda=None,
              scale_pos_weight=None, subsample=None, tree_method=None,
              validate_parameters=None, verbosity=None)'s best score: -0.8898985490389613
model_selector:DEBUG 2021-12-22 18:18:27,249 -  XGBClassifier(base_score=None, booster=None, colsample_bylevel=None,
              colsample_bynode=None, colsample_bytree=None,
              eval_metric='mlogloss', gamma=None, gpu_id=None,
              importance_type='gain', interaction_constraints=None,
              learning_rate=None, max_delta_step=None, max_depth=None,
              min_child_weight=None, missing=nan, monotone_constraints=None,
              n_estimators=100, n_jobs=None, num_parallel_tree=None,
              random_state=42, reg_alpha=None, reg_lambda=None,
              scale_pos_weight=None, subsample=None, tree_method=None,
              validate_parameters=None, verbosity=None)'s best parameters: OrderedDict([('colsample_bytree', 0.353740311982492), ('learning_rate', 0.5182220556276541), ('max_depth', 55), ('n_estimators', 60), ('reg_alpha', 23.868700970430325), ('subsample', 0.4955368672528038)])
model_selector:DEBUG 2021-12-22 18:18:28,420 -  XGBoost's result: 0.8875110149383545
model_selector:DEBUG 2021-12-22 18:18:28,420 -  The best model was Random Forest Classifier
model_selector:DEBUG 2021-12-22 18:18:28,421 -  Closing Class
